
-----
Test: tests/test_buy_smartphone_2023_age.py::test_buy_smartphone_2023 (call)
Start time: 2023-02-26 19:50:22.698923
Start name method: authorization

End time: 2023-02-26 19:50:27.984512
End name method: authorization
URL: https://www.dns-shop.ru/
-----

-----
Test: tests/test_buy_smartphone_2023_age.py::test_buy_smartphone_2023 (call)
Start time: 2023-02-26 19:50:27.984512
Start name method: select_product_hover_menu_smart_2023_main_page

End time: 2023-02-26 19:50:35.202200
End name method: select_category_hover_menu_smart_2023_main_page
URL: https://www.dns-shop.ru/catalog/recipe/3907bff298e20bb0/2023-goda/
-----

-----
Test: tests/test_buy_smartphone_2023_age.py::test_buy_smartphone_2023 (call)
Start time: 2023-02-26 19:50:35.202200
Start name method: add_to_cart_product_1

End time: 2023-02-26 19:50:45.556135
End name method: add_to_cart_product_1
URL: https://www.dns-shop.ru/cart/
-----

-----
Test: tests/test_buy_smartphone_2023_age.py::test_buy_smartphone_2023 (call)
Start time: 2023-02-26 19:50:45.557132
Start name method: go_to_checkout_product_1

End time: 2023-02-26 19:50:45.724684
End name method: go_to_checkout_product_1
URL: https://www.dns-shop.ru/cart/
-----

-----
Test: tests/test_buy_smartphone_2023_age.py::test_buy_smartphone_2023 (call)
Start time: 2023-02-26 19:50:45.724684
Start name method: finish_buy_product_1

End time: 2023-02-26 19:50:47.129068
End name method: finish_buy_product_1
URL: https://www.dns-shop.ru/checkout/
-----
